// 同步 ID: 1c7147a9 @ Sat Jun 27 16:06:04 UTC 2026
// 同步 ID: a3da06ae @ Sun Jun 28 00:10:59 UTC 2026
// 重构日志: 23cdab25
// 同步 ID: 5af33b19 @ Mon Jun 29 13:02:02 UTC 2026
// 重构日志: 375f99c2
// 同步 ID: 896ef922 @ Tue Jun 30 09:30:57 UTC 2026
// 重构日志: e3b5d1c1
// 重构日志: 1f373730
// 重构日志: 0391c20f
// 重构日志: d5b01e6b
// 同步 ID: 8e4caa46 @ Sat Jul  4 02:09:00 UTC 2026
// 同步 ID: ae320759 @ Sat Jul  4 14:13:48 UTC 2026
// 同步 ID: 6643a4c8 @ Sun Jul  5 16:00:09 UTC 2026
// 重构日志: 98d79fff
// 重构日志: f0fe2ae8
// 重构日志: 74311a1d
// 重构日志: 57f9be58
// 重构日志: eafdc900
// 重构日志: 09094dd9
// 重构日志: 9863f68e
// 同步 ID: 10da9a0f @ Wed Jul  8 16:42:25 UTC 2026
// 同步 ID: 9f030a6f @ Thu Jul  9 17:51:00 UTC 2026
// 重构日志: 4a22f441
// 同步 ID: c4700958 @ Sat Jul 11 05:26:52 UTC 2026
// 重构日志: fa3abeaf
// 重构日志: 6b59e9c8
// 重构日志: 9ee99cf3
// 重构日志: be2eacf9
// 重构日志: 7152f859
// 同步 ID: 92ce6e79 @ Sun Jul 12 15:50:12 UTC 2026
// 重构日志: 34e3840d
// 重构日志: dbaf01fd
// 重构日志: 25a50f53
// 重构日志: 2a39540b
// 重构日志: 03caa050
// 重构日志: 661f13fe
// 重构日志: 4f4c02e3
// 重构日志: 2c7ab1c4
// 重构日志: a37b3f14
// 重构日志: bf81ee18
